<<<<<<< HEAD
Apr 28, 2017 8:48:00 PM codeu.chat.ClientMain main
INFO: ============================= START OF LOG =============================
Apr 28, 2017 8:48:00 PM codeu.chat.ClientMain main
INFO: Starting chat client...
Apr 28, 2017 8:48:00 PM codeu.chat.ClientMain main
INFO: Creating client...
Apr 28, 2017 8:48:00 PM codeu.chat.ClientMain main
INFO: Created client
Apr 28, 2017 8:48:15 PM codeu.chat.client.Controller newUser
INFO: newUser: Request completed.
Apr 28, 2017 8:48:15 PM codeu.chat.client.Controller newUser
INFO: newUser: Response completed.
Apr 28, 2017 8:48:15 PM codeu.chat.client.ClientUser addUser
INFO: New user complete, Name= "scott" UUID=[UUID:11.1527040290]
Apr 28, 2017 8:48:29 PM codeu.chat.client.ClientConversation startConversation
INFO: New conversation: Title= "convo" UUID= [UUID:11.2135340145]
Apr 28, 2017 8:48:29 PM codeu.chat.client.ClientConversation updateCurrentConversation
INFO: Get Conversation: Title="convo" UUID=[UUID:11.2135340145] first=[UUID:0] last=[UUID:0]

Apr 28, 2017 8:48:29 PM codeu.chat.client.ClientMessage updateMessages
INFO: ConversationHead: Title="convo" UUID=[UUID:11.2135340145] first=[UUID:0] last=[UUID:0]

Apr 28, 2017 8:48:29 PM codeu.chat.client.ClientMessage getCurrentMessageFetchId
INFO: Refetch all messages: replaceAll=true firstMessage=[UUID:0]
Apr 28, 2017 8:48:29 PM codeu.chat.client.ClientMessage updateMessages
INFO: Retrieved 0 messages for conversation [UUID:11.2135340145] (convo).

Apr 28, 2017 8:49:42 PM codeu.chat.client.ClientMessage addMessage
INFO: New message:, Author= [UUID:11.1527040290] UUID= [UUID:11.3591218028]
Apr 28, 2017 8:49:42 PM codeu.chat.client.ClientMessage updateMessages
INFO: ConversationHead: Title="convo" UUID=[UUID:11.2135340145] first=[UUID:11.3591218028] last=[UUID:11.3591218028]

Apr 28, 2017 8:49:42 PM codeu.chat.client.ClientMessage getCurrentMessageFetchId
INFO: Refetch all messages: replaceAll=false firstMessage=[UUID:11.3591218028]
Apr 28, 2017 8:49:42 PM codeu.chat.client.ClientMessage updateMessages
INFO: Retrieved 1 messages for conversation [UUID:11.2135340145] (convo).

Apr 28, 2017 8:49:58 PM codeu.chat.client.ClientMessage updateMessages
INFO: ConversationHead: Title="convo" UUID=[UUID:11.2135340145] first=[UUID:11.3591218028] last=[UUID:11.3591218028]

Apr 28, 2017 8:49:58 PM codeu.chat.client.ClientMessage getCurrentMessageFetchId
INFO: Refetch all messages: replaceAll=true firstMessage=[UUID:11.3591218028]
Apr 28, 2017 8:49:58 PM codeu.chat.client.ClientMessage updateMessages
INFO: Retrieved 1 messages for conversation [UUID:11.2135340145] (convo).

Apr 28, 2017 8:49:58 PM codeu.chat.client.ClientConversation updateCurrentConversation
INFO: Get Conversation: Title="convo" UUID=[UUID:11.2135340145] first=[UUID:11.3591218028] last=[UUID:11.3591218028]

Apr 28, 2017 8:49:58 PM codeu.chat.client.ClientMessage updateMessages
INFO: ConversationHead: Title="convo" UUID=[UUID:11.2135340145] first=[UUID:11.3591218028] last=[UUID:11.3591218028]

Apr 28, 2017 8:49:58 PM codeu.chat.client.ClientMessage getCurrentMessageFetchId
INFO: Refetch all messages: replaceAll=true firstMessage=[UUID:11.3591218028]
Apr 28, 2017 8:49:58 PM codeu.chat.client.ClientMessage updateMessages
INFO: Retrieved 1 messages for conversation [UUID:11.2135340145] (convo).

Apr 28, 2017 8:50:03 PM codeu.chat.client.ClientMessage addMessage
INFO: New message:, Author= [UUID:11.1527040290] UUID= [UUID:11.3634070288]
Apr 28, 2017 8:50:03 PM codeu.chat.client.ClientMessage updateMessages
INFO: ConversationHead: Title="convo" UUID=[UUID:11.2135340145] first=[UUID:11.3591218028] last=[UUID:11.3634070288]

Apr 28, 2017 8:50:03 PM codeu.chat.client.ClientMessage updateMessages
INFO: Retrieved 2 messages for conversation [UUID:11.2135340145] (convo).

=======
Apr 18, 2017 3:03:11 PM codeu.chat.ClientMain main
INFO: ============================= START OF LOG =============================
Apr 18, 2017 3:03:11 PM codeu.chat.ClientMain main
INFO: Starting chat client...
Apr 18, 2017 3:03:11 PM codeu.chat.ClientMain main
INFO: Creating client...
Apr 18, 2017 3:03:11 PM codeu.chat.ClientMain main
INFO: Created client
Apr 18, 2017 3:03:32 PM codeu.chat.ClientMain main
INFO: chat client has exited.
>>>>>>> unique_userIds_names
Jun 02, 2017 9:38:41 PM codeu.chat.ClientMain main
INFO: ============================= START OF LOG =============================
Jun 02, 2017 9:38:41 PM codeu.chat.ClientMain main
INFO: Starting chat client...
Jun 02, 2017 9:38:41 PM codeu.chat.ClientMain main
INFO: Creating client...
Jun 02, 2017 9:38:41 PM codeu.chat.ClientMain main
INFO: Created client
Jun 02, 2017 9:39:35 PM codeu.chat.ClientMain main
INFO: chat client has exited.
Jun 02, 2017 11:21:56 PM codeu.chat.ClientMain main
INFO: ============================= START OF LOG =============================
Jun 02, 2017 11:21:56 PM codeu.chat.ClientMain main
INFO: Starting chat client...
Jun 02, 2017 11:21:56 PM codeu.chat.ClientMain main
INFO: Creating client...
Jun 02, 2017 11:21:56 PM codeu.chat.ClientMain main
INFO: Created client
Jun 02, 2017 11:22:09 PM codeu.chat.client.Controller newUser
SEVERE: Exception during call on server.
java.net.SocketException: Invalid argument or cannot assign requested address
	at java.net.PlainSocketImpl.socketConnect(Native Method)
	at java.net.AbstractPlainSocketImpl.doConnect(AbstractPlainSocketImpl.java:350)
	at java.net.AbstractPlainSocketImpl.connectToAddress(AbstractPlainSocketImpl.java:206)
	at java.net.AbstractPlainSocketImpl.connect(AbstractPlainSocketImpl.java:188)
	at java.net.SocksSocketImpl.connect(SocksSocketImpl.java:392)
	at java.net.Socket.connect(Socket.java:589)
	at java.net.Socket.connect(Socket.java:538)
	at java.net.Socket.<init>(Socket.java:434)
	at java.net.Socket.<init>(Socket.java:211)
	at codeu.chat.util.connections.ClientConnectionSource.connect(ClientConnectionSource.java:39)
	at codeu.chat.client.Controller.newUser(Controller.java:72)
	at codeu.chat.client.ClientUser.addUserAndGetUuid(ClientUser.java:131)
	at codeu.chat.client.commandline.Chat.doOneCommand(Chat.java:238)
	at codeu.chat.client.commandline.Chat.handleCommand(Chat.java:368)
	at codeu.chat.ClientMain.main(ClientMain.java:57)

Jun 02, 2017 11:22:09 PM codeu.chat.client.Controller newUser
SEVERE: Exception during call on server.
java.net.SocketException: Invalid argument or cannot assign requested address
	at java.net.PlainSocketImpl.socketConnect(Native Method)
	at java.net.AbstractPlainSocketImpl.doConnect(AbstractPlainSocketImpl.java:350)
	at java.net.AbstractPlainSocketImpl.connectToAddress(AbstractPlainSocketImpl.java:206)
	at java.net.AbstractPlainSocketImpl.connect(AbstractPlainSocketImpl.java:188)
	at java.net.SocksSocketImpl.connect(SocksSocketImpl.java:392)
	at java.net.Socket.connect(Socket.java:589)
	at java.net.Socket.connect(Socket.java:538)
	at java.net.Socket.<init>(Socket.java:434)
	at java.net.Socket.<init>(Socket.java:211)
	at codeu.chat.util.connections.ClientConnectionSource.connect(ClientConnectionSource.java:39)
	at codeu.chat.client.Controller.newUser(Controller.java:72)
	at codeu.chat.client.ClientUser.addUserAndGetUuid(ClientUser.java:131)
	at codeu.chat.client.commandline.Chat.doOneCommand(Chat.java:238)
	at codeu.chat.client.commandline.Chat.handleCommand(Chat.java:368)
	at codeu.chat.ClientMain.main(ClientMain.java:57)

Jun 02, 2017 11:22:18 PM codeu.chat.client.Controller newUser
SEVERE: Exception during call on server.
java.net.SocketException: Invalid argument or cannot assign requested address
	at java.net.PlainSocketImpl.socketConnect(Native Method)
	at java.net.AbstractPlainSocketImpl.doConnect(AbstractPlainSocketImpl.java:350)
	at java.net.AbstractPlainSocketImpl.connectToAddress(AbstractPlainSocketImpl.java:206)
	at java.net.AbstractPlainSocketImpl.connect(AbstractPlainSocketImpl.java:188)
	at java.net.SocksSocketImpl.connect(SocksSocketImpl.java:392)
	at java.net.Socket.connect(Socket.java:589)
	at java.net.Socket.connect(Socket.java:538)
	at java.net.Socket.<init>(Socket.java:434)
	at java.net.Socket.<init>(Socket.java:211)
	at codeu.chat.util.connections.ClientConnectionSource.connect(ClientConnectionSource.java:39)
	at codeu.chat.client.Controller.newUser(Controller.java:72)
	at codeu.chat.client.ClientUser.addUser(ClientUser.java:116)
	at codeu.chat.client.commandline.Chat.addUser(Chat.java:356)
	at codeu.chat.client.commandline.Chat.doOneCommand(Chat.java:128)
	at codeu.chat.client.commandline.Chat.handleCommand(Chat.java:368)
	at codeu.chat.ClientMain.main(ClientMain.java:57)

Jun 02, 2017 11:22:29 PM codeu.chat.ClientMain main
INFO: chat client has exited.
