Apr 18, 2017 3:02:33 PM codeu.chat.ServerMain main
INFO: ============================= START OF LOG =============================
Apr 18, 2017 3:02:34 PM codeu.chat.ServerMain main
INFO: Starting server...
Apr 18, 2017 3:02:34 PM codeu.chat.ServerMain runServer
INFO: Server object created.
Apr 18, 2017 3:02:34 PM codeu.chat.ServerMain runServer
INFO: Starting hub...
Apr 18, 2017 3:03:51 PM codeu.chat.server.Server handleConnection
INFO: Handling new connection...
Apr 18, 2017 3:03:51 PM codeu.chat.server.Server handleConnection
INFO: Handling new connection...
Jun 02, 2017 9:38:01 PM codeu.chat.ServerMain main
INFO: ============================= START OF LOG =============================
Jun 02, 2017 9:38:01 PM codeu.chat.ServerMain main
INFO: Starting server...
Jun 02, 2017 9:38:01 PM codeu.chat.ServerMain runServer
INFO: Created server.
Jun 02, 2017 9:38:01 PM codeu.chat.server.Server$1 run
INFO: Reading update from relay...
Jun 02, 2017 9:38:01 PM codeu.chat.ServerMain runServer
INFO: Established connection...
Jun 02, 2017 9:38:06 PM codeu.chat.server.Server$1 run
INFO: Reading update from relay...
Jun 02, 2017 9:38:11 PM codeu.chat.server.Server$1 run
INFO: Reading update from relay...
Jun 02, 2017 9:38:16 PM codeu.chat.server.Server$1 run
INFO: Reading update from relay...
Jun 02, 2017 9:38:21 PM codeu.chat.server.Server$1 run
INFO: Reading update from relay...
Jun 02, 2017 9:38:26 PM codeu.chat.server.Server$1 run
INFO: Reading update from relay...
Jun 02, 2017 9:38:31 PM codeu.chat.server.Server$1 run
INFO: Reading update from relay...
Jun 02, 2017 9:38:36 PM codeu.chat.server.Server$1 run
INFO: Reading update from relay...
Jun 02, 2017 9:38:41 PM codeu.chat.server.Server$1 run
INFO: Reading update from relay...
Jun 02, 2017 9:38:46 PM codeu.chat.server.Server$1 run
INFO: Reading update from relay...
Jun 02, 2017 9:38:51 PM codeu.chat.server.Server$1 run
INFO: Reading update from relay...
Jun 02, 2017 9:38:57 PM codeu.chat.server.Server$1 run
INFO: Reading update from relay...
Jun 02, 2017 9:39:02 PM codeu.chat.server.Server$1 run
INFO: Reading update from relay...
Jun 02, 2017 9:39:07 PM codeu.chat.server.Server$1 run
INFO: Reading update from relay...
Jun 02, 2017 9:39:12 PM codeu.chat.server.Server$1 run
INFO: Reading update from relay...
Jun 02, 2017 9:39:17 PM codeu.chat.server.Server$1 run
INFO: Reading update from relay...
Jun 02, 2017 9:39:22 PM codeu.chat.server.Server$1 run
INFO: Reading update from relay...
Jun 02, 2017 9:39:27 PM codeu.chat.server.Server$1 run
INFO: Reading update from relay...
Jun 02, 2017 9:39:32 PM codeu.chat.server.Server$1 run
INFO: Reading update from relay...
Jun 02, 2017 9:39:37 PM codeu.chat.server.Server$1 run
INFO: Reading update from relay...
Jun 02, 2017 9:39:42 PM codeu.chat.server.Server$1 run
INFO: Reading update from relay...
Jun 02, 2017 9:39:47 PM codeu.chat.server.Server$1 run
INFO: Reading update from relay...
Jun 02, 2017 9:39:52 PM codeu.chat.server.Server$1 run
INFO: Reading update from relay...
Jun 02, 2017 9:39:57 PM codeu.chat.server.Server$1 run
INFO: Reading update from relay...
Jun 02, 2017 9:40:02 PM codeu.chat.server.Server$1 run
INFO: Reading update from relay...
Jun 02, 2017 9:40:07 PM codeu.chat.server.Server$1 run
INFO: Reading update from relay...
Jun 02, 2017 9:40:12 PM codeu.chat.server.Server$1 run
INFO: Reading update from relay...
Jun 02, 2017 9:40:17 PM codeu.chat.server.Server$1 run
INFO: Reading update from relay...
Jun 02, 2017 9:40:22 PM codeu.chat.server.Server$1 run
INFO: Reading update from relay...
Jun 02, 2017 9:40:27 PM codeu.chat.server.Server$1 run
INFO: Reading update from relay...
Jun 02, 2017 9:40:32 PM codeu.chat.server.Server$1 run
INFO: Reading update from relay...
Jun 02, 2017 9:40:37 PM codeu.chat.server.Server$1 run
INFO: Reading update from relay...
Jun 02, 2017 9:40:42 PM codeu.chat.server.Server$1 run
INFO: Reading update from relay...
Jun 02, 2017 9:40:47 PM codeu.chat.server.Server$1 run
INFO: Reading update from relay...
Jun 02, 2017 9:40:52 PM codeu.chat.server.Server$1 run
INFO: Reading update from relay...
Jun 02, 2017 9:40:57 PM codeu.chat.server.Server$1 run
INFO: Reading update from relay...
Jun 02, 2017 9:41:02 PM codeu.chat.server.Server$1 run
INFO: Reading update from relay...
Jun 02, 2017 9:41:07 PM codeu.chat.server.Server$1 run
INFO: Reading update from relay...
Jun 02, 2017 9:41:12 PM codeu.chat.server.Server$1 run
INFO: Reading update from relay...
Jun 02, 2017 9:41:17 PM codeu.chat.server.Server$1 run
INFO: Reading update from relay...
Jun 02, 2017 9:41:22 PM codeu.chat.server.Server$1 run
INFO: Reading update from relay...
Jun 02, 2017 9:41:27 PM codeu.chat.server.Server$1 run
INFO: Reading update from relay...
Jun 02, 2017 9:41:32 PM codeu.chat.server.Server$1 run
INFO: Reading update from relay...
Jun 02, 2017 9:41:37 PM codeu.chat.server.Server$1 run
INFO: Reading update from relay...
Jun 02, 2017 9:41:42 PM codeu.chat.server.Server$1 run
INFO: Reading update from relay...
Jun 02, 2017 9:41:47 PM codeu.chat.server.Server$1 run
INFO: Reading update from relay...
Jun 02, 2017 9:41:52 PM codeu.chat.server.Server$1 run
INFO: Reading update from relay...
Jun 02, 2017 9:41:57 PM codeu.chat.server.Server$1 run
INFO: Reading update from relay...
Jun 02, 2017 9:42:02 PM codeu.chat.server.Server$1 run
INFO: Reading update from relay...
Jun 02, 2017 9:42:07 PM codeu.chat.server.Server$1 run
INFO: Reading update from relay...
Jun 02, 2017 9:42:12 PM codeu.chat.server.Server$1 run
INFO: Reading update from relay...
Jun 02, 2017 9:42:17 PM codeu.chat.server.Server$1 run
INFO: Reading update from relay...
Jun 02, 2017 9:42:22 PM codeu.chat.server.Server$1 run
INFO: Reading update from relay...
Jun 02, 2017 9:42:27 PM codeu.chat.server.Server$1 run
INFO: Reading update from relay...
Jun 02, 2017 9:42:32 PM codeu.chat.server.Server$1 run
INFO: Reading update from relay...
Jun 02, 2017 9:42:37 PM codeu.chat.server.Server$1 run
INFO: Reading update from relay...
Jun 02, 2017 9:42:42 PM codeu.chat.server.Server$1 run
INFO: Reading update from relay...
Jun 02, 2017 9:42:47 PM codeu.chat.server.Server$1 run
INFO: Reading update from relay...
Jun 02, 2017 9:42:52 PM codeu.chat.server.Server$1 run
INFO: Reading update from relay...
Jun 02, 2017 9:42:57 PM codeu.chat.server.Server$1 run
INFO: Reading update from relay...
Jun 02, 2017 9:43:02 PM codeu.chat.server.Server$1 run
INFO: Reading update from relay...
Jun 02, 2017 9:43:07 PM codeu.chat.server.Server$1 run
INFO: Reading update from relay...
Jun 02, 2017 9:43:12 PM codeu.chat.server.Server$1 run
INFO: Reading update from relay...
Jun 02, 2017 9:43:17 PM codeu.chat.server.Server$1 run
INFO: Reading update from relay...
Jun 02, 2017 9:43:22 PM codeu.chat.server.Server$1 run
INFO: Reading update from relay...
Jun 02, 2017 9:43:27 PM codeu.chat.server.Server$1 run
INFO: Reading update from relay...
Jun 02, 2017 9:43:32 PM codeu.chat.server.Server$1 run
INFO: Reading update from relay...
Jun 02, 2017 9:43:37 PM codeu.chat.server.Server$1 run
INFO: Reading update from relay...
Jun 02, 2017 9:43:42 PM codeu.chat.server.Server$1 run
INFO: Reading update from relay...
Jun 02, 2017 9:43:47 PM codeu.chat.server.Server$1 run
INFO: Reading update from relay...
Jun 02, 2017 9:43:52 PM codeu.chat.server.Server$1 run
INFO: Reading update from relay...
Jun 02, 2017 9:43:57 PM codeu.chat.server.Server$1 run
INFO: Reading update from relay...
Jun 02, 2017 9:44:02 PM codeu.chat.server.Server$1 run
INFO: Reading update from relay...
Jun 02, 2017 9:44:07 PM codeu.chat.server.Server$1 run
INFO: Reading update from relay...
Jun 02, 2017 9:44:12 PM codeu.chat.server.Server$1 run
INFO: Reading update from relay...
Jun 02, 2017 9:44:17 PM codeu.chat.server.Server$1 run
INFO: Reading update from relay...
Jun 02, 2017 9:44:22 PM codeu.chat.server.Server$1 run
INFO: Reading update from relay...
Jun 02, 2017 9:44:27 PM codeu.chat.server.Server$1 run
INFO: Reading update from relay...
Jun 02, 2017 9:44:32 PM codeu.chat.server.Server$1 run
INFO: Reading update from relay...
Jun 02, 2017 9:44:37 PM codeu.chat.server.Server$1 run
INFO: Reading update from relay...
Jun 02, 2017 9:44:42 PM codeu.chat.server.Server$1 run
INFO: Reading update from relay...
Jun 02, 2017 9:44:47 PM codeu.chat.server.Server$1 run
INFO: Reading update from relay...
Jun 02, 2017 9:44:52 PM codeu.chat.server.Server$1 run
INFO: Reading update from relay...
Jun 02, 2017 9:44:57 PM codeu.chat.server.Server$1 run
INFO: Reading update from relay...
Jun 02, 2017 9:45:02 PM codeu.chat.server.Server$1 run
INFO: Reading update from relay...
Jun 02, 2017 9:45:07 PM codeu.chat.server.Server$1 run
INFO: Reading update from relay...
Jun 02, 2017 9:45:12 PM codeu.chat.server.Server$1 run
INFO: Reading update from relay...
Jun 02, 2017 9:45:17 PM codeu.chat.server.Server$1 run
INFO: Reading update from relay...
Jun 02, 2017 9:45:22 PM codeu.chat.server.Server$1 run
INFO: Reading update from relay...
Jun 02, 2017 9:45:27 PM codeu.chat.server.Server$1 run
INFO: Reading update from relay...
Jun 02, 2017 9:45:32 PM codeu.chat.server.Server$1 run
INFO: Reading update from relay...
Jun 02, 2017 9:45:37 PM codeu.chat.server.Server$1 run
INFO: Reading update from relay...
Jun 02, 2017 9:45:42 PM codeu.chat.server.Server$1 run
INFO: Reading update from relay...
Jun 02, 2017 9:45:47 PM codeu.chat.server.Server$1 run
INFO: Reading update from relay...
Jun 02, 2017 9:45:52 PM codeu.chat.server.Server$1 run
INFO: Reading update from relay...
Jun 02, 2017 9:45:57 PM codeu.chat.server.Server$1 run
INFO: Reading update from relay...
Jun 02, 2017 9:46:02 PM codeu.chat.server.Server$1 run
INFO: Reading update from relay...
Jun 02, 2017 9:46:07 PM codeu.chat.server.Server$1 run
INFO: Reading update from relay...
Jun 02, 2017 9:46:12 PM codeu.chat.server.Server$1 run
INFO: Reading update from relay...
Jun 02, 2017 9:46:17 PM codeu.chat.server.Server$1 run
INFO: Reading update from relay...
Jun 02, 2017 9:46:22 PM codeu.chat.server.Server$1 run
INFO: Reading update from relay...
Jun 02, 2017 9:46:27 PM codeu.chat.server.Server$1 run
INFO: Reading update from relay...
Jun 02, 2017 9:46:32 PM codeu.chat.server.Server$1 run
INFO: Reading update from relay...
Jun 02, 2017 9:46:37 PM codeu.chat.server.Server$1 run
INFO: Reading update from relay...
Jun 02, 2017 9:46:42 PM codeu.chat.server.Server$1 run
INFO: Reading update from relay...
Jun 02, 2017 9:46:47 PM codeu.chat.server.Server$1 run
INFO: Reading update from relay...
Jun 02, 2017 9:46:52 PM codeu.chat.server.Server$1 run
INFO: Reading update from relay...
Jun 02, 2017 9:46:57 PM codeu.chat.server.Server$1 run
INFO: Reading update from relay...
Jun 02, 2017 9:47:02 PM codeu.chat.server.Server$1 run
INFO: Reading update from relay...
Jun 02, 2017 9:47:07 PM codeu.chat.server.Server$1 run
INFO: Reading update from relay...
Jun 02, 2017 9:47:12 PM codeu.chat.server.Server$1 run
INFO: Reading update from relay...
Jun 02, 2017 9:47:17 PM codeu.chat.server.Server$1 run
INFO: Reading update from relay...
Jun 02, 2017 9:47:22 PM codeu.chat.server.Server$1 run
INFO: Reading update from relay...
Jun 02, 2017 9:47:27 PM codeu.chat.server.Server$1 run
INFO: Reading update from relay...
Jun 02, 2017 9:47:32 PM codeu.chat.server.Server$1 run
INFO: Reading update from relay...
Jun 02, 2017 9:47:37 PM codeu.chat.server.Server$1 run
INFO: Reading update from relay...
Jun 02, 2017 9:47:42 PM codeu.chat.server.Server$1 run
INFO: Reading update from relay...
Jun 02, 2017 9:47:47 PM codeu.chat.server.Server$1 run
INFO: Reading update from relay...
Jun 02, 2017 9:47:52 PM codeu.chat.server.Server$1 run
INFO: Reading update from relay...
Jun 02, 2017 9:47:57 PM codeu.chat.server.Server$1 run
INFO: Reading update from relay...
Jun 02, 2017 9:48:02 PM codeu.chat.server.Server$1 run
INFO: Reading update from relay...
Jun 02, 2017 9:48:07 PM codeu.chat.server.Server$1 run
INFO: Reading update from relay...
Jun 02, 2017 9:48:12 PM codeu.chat.server.Server$1 run
INFO: Reading update from relay...
Jun 02, 2017 9:48:17 PM codeu.chat.server.Server$1 run
INFO: Reading update from relay...
Jun 02, 2017 9:48:22 PM codeu.chat.server.Server$1 run
INFO: Reading update from relay...
Jun 02, 2017 9:48:27 PM codeu.chat.server.Server$1 run
INFO: Reading update from relay...
Jun 02, 2017 9:48:32 PM codeu.chat.server.Server$1 run
INFO: Reading update from relay...
Jun 02, 2017 9:48:37 PM codeu.chat.server.Server$1 run
INFO: Reading update from relay...
